<?xml version="1.0" encoding="UTF-8"?>
<testsuite xmlns:xsi="http://www.w3.org/2001/XMLSchema-instance" xsi:noNamespaceSchemaLocation="https://maven.apache.org/surefire/maven-surefire-plugin/xsd/surefire-test-report-3.0.xsd" version="3.0" name="com.af.Test1" time="0.528" tests="2" errors="0" skipped="0" failures="0">
  <properties>
    <property name="sun.desktop" value="windows"/>
    <property name="awt.toolkit" value="sun.awt.windows.WToolkit"/>
    <property name="file.encoding.pkg" value="sun.io"/>
    <property name="java.specification.version" value="1.8"/>
    <property name="sun.cpu.isalist" value="amd64"/>
    <property name="sun.jnu.encoding" value="Cp1252"/>
    <property name="java.class.path" value="C:\TestNGProject\target\test-classes;C:\TestNGProject\target\classes;C:\Users\afedc\.m2\repository\org\testng\testng\7.3.0\testng-7.3.0.jar;C:\Users\afedc\.m2\repository\com\beust\jcommander\1.78\jcommander-1.78.jar;C:\Users\afedc\.m2\repository\org\apache\ant\ant\1.10.3\ant-1.10.3.jar;C:\Users\afedc\.m2\repository\org\apache\ant\ant-launcher\1.10.3\ant-launcher-1.10.3.jar;C:\Users\afedc\.m2\repository\junit\junit\4.12\junit-4.12.jar;C:\Users\afedc\.m2\repository\org\hamcrest\hamcrest-core\1.3\hamcrest-core-1.3.jar;C:\Users\afedc\.m2\repository\com\google\inject\guice\4.2.2\guice-4.2.2-no_aop.jar;C:\Users\afedc\.m2\repository\javax\inject\javax.inject\1\javax.inject-1.jar;C:\Users\afedc\.m2\repository\aopalliance\aopalliance\1.0\aopalliance-1.0.jar;C:\Users\afedc\.m2\repository\com\google\guava\guava\25.1-android\guava-25.1-android.jar;C:\Users\afedc\.m2\repository\com\google\code\findbugs\jsr305\3.0.2\jsr305-3.0.2.jar;C:\Users\afedc\.m2\repository\org\checkerframework\checker-compat-qual\2.0.0\checker-compat-qual-2.0.0.jar;C:\Users\afedc\.m2\repository\com\google\errorprone\error_prone_annotations\2.1.3\error_prone_annotations-2.1.3.jar;C:\Users\afedc\.m2\repository\com\google\j2objc\j2objc-annotations\1.1\j2objc-annotations-1.1.jar;C:\Users\afedc\.m2\repository\org\codehaus\mojo\animal-sniffer-annotations\1.14\animal-sniffer-annotations-1.14.jar;C:\Users\afedc\.m2\repository\org\yaml\snakeyaml\1.21\snakeyaml-1.21.jar;C:\Users\afedc\.m2\repository\org\projectlombok\lombok\1.18.20\lombok-1.18.20.jar;C:\Users\afedc\.m2\repository\org\slf4j\slf4j-api\1.7.26\slf4j-api-1.7.26.jar;C:\Users\afedc\.m2\repository\org\slf4j\slf4j-simple\1.7.30\slf4j-simple-1.7.30.jar;"/>
    <property name="java.vm.vendor" value="Oracle Corporation"/>
    <property name="sun.arch.data.model" value="64"/>
    <property name="user.variant" value=""/>
    <property name="java.vendor.url" value="http://java.oracle.com/"/>
    <property name="user.timezone" value="Europe/Helsinki"/>
    <property name="java.vm.specification.version" value="1.8"/>
    <property name="os.name" value="Windows 10"/>
    <property name="user.country" value="US"/>
    <property name="sun.java.launcher" value="SUN_STANDARD"/>
    <property name="sun.boot.library.path" value="C:\Program Files\Java\jdk1.8.0_112\jre\bin"/>
    <property name="sun.java.command" value="C:\Users\afedc\AppData\Local\Temp\surefire3020413907150119001\surefirebooter473646332938889493.jar C:\Users\afedc\AppData\Local\Temp\surefire3020413907150119001 2021-07-29T11-02-22_271-jvmRun1 surefire5604663794082435968tmp surefire_01418146488930600299tmp"/>
    <property name="test" value="Test1"/>
    <property name="surefire.test.class.path" value="C:\TestNGProject\target\test-classes;C:\TestNGProject\target\classes;C:\Users\afedc\.m2\repository\org\testng\testng\7.3.0\testng-7.3.0.jar;C:\Users\afedc\.m2\repository\com\beust\jcommander\1.78\jcommander-1.78.jar;C:\Users\afedc\.m2\repository\org\apache\ant\ant\1.10.3\ant-1.10.3.jar;C:\Users\afedc\.m2\repository\org\apache\ant\ant-launcher\1.10.3\ant-launcher-1.10.3.jar;C:\Users\afedc\.m2\repository\junit\junit\4.12\junit-4.12.jar;C:\Users\afedc\.m2\repository\org\hamcrest\hamcrest-core\1.3\hamcrest-core-1.3.jar;C:\Users\afedc\.m2\repository\com\google\inject\guice\4.2.2\guice-4.2.2-no_aop.jar;C:\Users\afedc\.m2\repository\javax\inject\javax.inject\1\javax.inject-1.jar;C:\Users\afedc\.m2\repository\aopalliance\aopalliance\1.0\aopalliance-1.0.jar;C:\Users\afedc\.m2\repository\com\google\guava\guava\25.1-android\guava-25.1-android.jar;C:\Users\afedc\.m2\repository\com\google\code\findbugs\jsr305\3.0.2\jsr305-3.0.2.jar;C:\Users\afedc\.m2\repository\org\checkerframework\checker-compat-qual\2.0.0\checker-compat-qual-2.0.0.jar;C:\Users\afedc\.m2\repository\com\google\errorprone\error_prone_annotations\2.1.3\error_prone_annotations-2.1.3.jar;C:\Users\afedc\.m2\repository\com\google\j2objc\j2objc-annotations\1.1\j2objc-annotations-1.1.jar;C:\Users\afedc\.m2\repository\org\codehaus\mojo\animal-sniffer-annotations\1.14\animal-sniffer-annotations-1.14.jar;C:\Users\afedc\.m2\repository\org\yaml\snakeyaml\1.21\snakeyaml-1.21.jar;C:\Users\afedc\.m2\repository\org\projectlombok\lombok\1.18.20\lombok-1.18.20.jar;C:\Users\afedc\.m2\repository\org\slf4j\slf4j-api\1.7.26\slf4j-api-1.7.26.jar;C:\Users\afedc\.m2\repository\org\slf4j\slf4j-simple\1.7.30\slf4j-simple-1.7.30.jar;"/>
    <property name="sun.cpu.endian" value="little"/>
    <property name="user.home" value="C:\Users\afedc"/>
    <property name="user.language" value="en"/>
    <property name="java.specification.vendor" value="Oracle Corporation"/>
    <property name="java.home" value="C:\Program Files\Java\jdk1.8.0_112\jre"/>
    <property name="basedir" value="C:\TestNGProject"/>
    <property name="file.separator" value="\"/>
    <property name="line.separator" value="&#10;"/>
    <property name="java.vm.specification.vendor" value="Oracle Corporation"/>
    <property name="java.specification.name" value="Java Platform API Specification"/>
    <property name="java.awt.graphicsenv" value="sun.awt.Win32GraphicsEnvironment"/>
    <property name="surefire.real.class.path" value="C:\Users\afedc\AppData\Local\Temp\surefire3020413907150119001\surefirebooter473646332938889493.jar"/>
    <property name="sun.boot.class.path" value="C:\Program Files\Java\jdk1.8.0_112\jre\lib\resources.jar;C:\Program Files\Java\jdk1.8.0_112\jre\lib\rt.jar;C:\Program Files\Java\jdk1.8.0_112\jre\lib\sunrsasign.jar;C:\Program Files\Java\jdk1.8.0_112\jre\lib\jsse.jar;C:\Program Files\Java\jdk1.8.0_112\jre\lib\jce.jar;C:\Program Files\Java\jdk1.8.0_112\jre\lib\charsets.jar;C:\Program Files\Java\jdk1.8.0_112\jre\lib\jfr.jar;C:\Program Files\Java\jdk1.8.0_112\jre\classes"/>
    <property name="user.script" value=""/>
    <property name="sun.management.compiler" value="HotSpot 64-Bit Tiered Compilers"/>
    <property name="java.runtime.version" value="1.8.0_112-b15"/>
    <property name="user.name" value="afedc"/>
    <property name="path.separator" value=";"/>
    <property name="os.version" value="10.0"/>
    <property name="java.endorsed.dirs" value="C:\Program Files\Java\jdk1.8.0_112\jre\lib\endorsed"/>
    <property name="java.runtime.name" value="Java(TM) SE Runtime Environment"/>
    <property name="file.encoding" value="Cp1252"/>
    <property name="java.vm.name" value="Java HotSpot(TM) 64-Bit Server VM"/>
    <property name="localRepository" value="C:\Users\afedc\.m2\repository"/>
    <property name="java.vendor.url.bug" value="http://bugreport.sun.com/bugreport/"/>
    <property name="java.io.tmpdir" value="C:\Users\afedc\AppData\Local\Temp\"/>
    <property name="java.version" value="1.8.0_112"/>
    <property name="user.dir" value="C:\TestNGProject"/>
    <property name="os.arch" value="amd64"/>
    <property name="java.vm.specification.name" value="Java Virtual Machine Specification"/>
    <property name="java.awt.printerjob" value="sun.awt.windows.WPrinterJob"/>
    <property name="sun.os.patch.level" value=""/>
    <property name="java.library.path" value="C:\Program Files\Java\jdk1.8.0_112\jre\bin;C:\Windows\Sun\Java\bin;C:\Windows\system32;C:\Windows;C:\Program Files\Google\Chrome\Application;C:\Program Files\Planmeca\Romexis\tools\jre_x64\bin;C:\Program Files\Planmeca\Romexis\pmbridge\Program;C:\Program Files\Planmeca\Romexis\client;C:\ProgramData\Oracle\Java\javapath;C:\Windows\system32;C:\Windows;C:\Windows\System32\Wbem;C:\Windows\System32\WindowsPowerShell\v1.0\;C:\Windows\System32\OpenSSH\;C:\Program Files (x86)\Microsoft SQL Server\150\DTS\Binn\;C:\Program Files\Git\cmd;C:\Program Files\Java\jdk1.8.0_112\bin;C:\Program Files\allure-2.13.8\allure-2.13.8\bin;C:\Program Files\apache-maven-3.6.3-bin\apache-maven-3.6.3\bin;C:\Users\afedc\AppData\Local\Microsoft\WindowsApps;;C:\Program Files\Azure Data Studio\bin;."/>
    <property name="java.vm.info" value="mixed mode"/>
    <property name="java.vendor" value="Oracle Corporation"/>
    <property name="java.vm.version" value="25.112-b15"/>
    <property name="java.ext.dirs" value="C:\Program Files\Java\jdk1.8.0_112\jre\lib\ext;C:\Windows\Sun\Java\lib\ext"/>
    <property name="sun.io.unicode.encoding" value="UnicodeLittle"/>
    <property name="java.class.version" value="52.0"/>
  </properties>
  <testcase name="createUserTest" classname="com.af.Test1" time="0.001">
    <system-out><![CDATA[Before test (1).
Before Class(1).
Before method(1).
Test 1.1
]]></system-out>
    <system-err><![CDATA[[main] INFO com.af.Test1 - [TEST]:: First log
]]></system-err>
  </testcase>
  <testcase name="userSaysTest" classname="com.af.Test1" time="0.001">
    <system-out><![CDATA[Before method(1).
Test 1.2
]]></system-out>
  </testcase>
</testsuite>