<?xml version="1.0" encoding="UTF-8"?>
<!-- Generated by org.testng.reporters.JUnitReportReporter -->
<testsuite skipped="0" hostname="5CD04958F9" name="Test7" tests="2" failures="0" timestamp="2021-07-29T11:00:35 EEST" time="0.002" errors="0">
  <testcase name="someActionOne" time="0.001" classname="Test7"/>
  <system-out/>
  <testcase name="someActionTwo" time="0.001" classname="Test7"/>
  <system-out/>
</testsuite> <!-- Test7 -->
