<?xml version="1.0" encoding="UTF-8"?>
<!-- Generated by org.testng.reporters.JUnitReportReporter -->
<testsuite skipped="0" hostname="5CD04958F9" name="com.af.Test1" tests="2" failures="0" timestamp="2021-07-29T11:02:23 EEST" time="0.001" errors="0">
  <testcase name="userSaysTest" time="0.000" classname="com.af.Test1"/>
  <system-out/>
  <testcase name="createUserTest" time="0.001" classname="com.af.Test1"/>
  <system-out/>
</testsuite> <!-- com.af.Test1 -->
