<?xml version="1.0" encoding="UTF-8"?>
<!-- Generated by org.testng.reporters.JUnitReportReporter -->
<testsuite skipped="0" hostname="5CD04958F9" name="ddt.TestWithParameters" tests="2" failures="0" timestamp="2021-07-29T11:04:53 EEST" time="0.002" errors="0">
  <testcase name="instanceDataProvider" time="0.000" classname="ddt.TestWithParameters"/>
  <system-out/>
  <testcase name="instanceDataProvider" time="0.002" classname="ddt.TestWithParameters"/>
  <system-out/>
</testsuite> <!-- ddt.TestWithParameters -->
